<?xml version="1.0" encoding="UTF-8"?>
<!-- Generated by org.testng.reporters.JUnitReportReporter -->
<testsuite hostname="SAIF" failures="0" tests="1" name="com.us.TestNG.ZRTestOne" time="0.006" errors="0" timestamp="05 Sep. 2022 10:55:04 GMT" skipped="0">
  <testcase classname="com.us.TestNG.ZRTestOne" name="testCase1" time="0.006"/>
</testsuite> <!-- com.us.TestNG.ZRTestOne -->
