<?xml version="1.0" encoding="UTF-8"?>
<!-- Generated by org.testng.reporters.JUnitReportReporter -->
<testsuite hostname="SAIF" failures="0" tests="1" name="zooplarelease.myrunner.MyRunner" time="5.833" errors="0" timestamp="25 Aug. 2022 17:01:08 GMT" skipped="0">
  <testcase classname="zooplarelease.myrunner.MyRunner" name="runScenario" time="5.833"/>
</testsuite> <!-- zooplarelease.myrunner.MyRunner -->
