<?xml version="1.0" encoding="UTF-8"?>
<!-- Generated by org.testng.reporters.JUnitReportReporter -->
<testsuite hostname="SAIF" failures="0" tests="1" name="zooplarelease.myrunner.ZRmyRunner" time="8.838" errors="0" timestamp="06 Sep. 2022 17:16:44 GMT" skipped="0">
  <testcase classname="zooplarelease.myrunner.ZRmyRunner" name="runScenario" time="8.838"/>
</testsuite> <!-- zooplarelease.myrunner.ZRmyRunner -->
