<?xml version="1.0" encoding="UTF-8"?>
<!-- Generated by org.testng.reporters.JUnitReportReporter -->
<testsuite hostname="SAIF" failures="0" tests="3" name="com.canada.failTest.CrossBrowserTest" time="13.096" errors="0" timestamp="06 Sep. 2022 18:52:42 GMT" skipped="0">
  <testcase classname="com.canada.failTest.CrossBrowserTest" name="testParameterWithXML" time="4.861"/>
  <testcase classname="com.canada.failTest.CrossBrowserTest" name="testParameterWithXML" time="3.046"/>
  <testcase classname="com.canada.failTest.CrossBrowserTest" name="testParameterWithXML" time="5.189"/>
</testsuite> <!-- com.canada.failTest.CrossBrowserTest -->
