<?xml version="1.0" encoding="UTF-8"?>
<!-- Generated by org.testng.reporters.JUnitReportReporter -->
<testsuite hostname="SAIF" failures="0" tests="9" name="com.us.TestNG.ZRTestTwo$TestNGCounTs" time="0.017" errors="0" timestamp="05 Sep. 2022 10:49:11 GMT" skipped="0">
  <testcase classname="com.us.TestNG.ZRTestTwo$TestNGCounTs" name="MyNumber" time="0.012"/>
  <testcase classname="com.us.TestNG.ZRTestTwo$TestNGCounTs" name="MyNumber" time="0.001"/>
  <testcase classname="com.us.TestNG.ZRTestTwo$TestNGCounTs" name="MyNumber" time="0.001"/>
  <testcase classname="com.us.TestNG.ZRTestTwo$TestNGCounTs" name="MyNumber" time="0.000"/>
  <testcase classname="com.us.TestNG.ZRTestTwo$TestNGCounTs" name="MyNumber" time="0.000"/>
  <testcase classname="com.us.TestNG.ZRTestTwo$TestNGCounTs" name="MyNumber" time="0.001"/>
  <testcase classname="com.us.TestNG.ZRTestTwo$TestNGCounTs" name="MyNumber" time="0.001"/>
  <testcase classname="com.us.TestNG.ZRTestTwo$TestNGCounTs" name="MyNumber" time="0.000"/>
  <testcase classname="com.us.TestNG.ZRTestTwo$TestNGCounTs" name="MyNumber" time="0.001"/>
</testsuite> <!-- com.us.TestNG.ZRTestTwo$TestNGCounTs -->
