<?xml version="1.0" encoding="UTF-8"?>
<!-- Generated by org.testng.reporters.JUnitReportReporter -->
<testsuite hostname="SAIF" failures="0" tests="3" name="com.canada.failTest.UnitTesting" time="16.479" errors="0" timestamp="06 Sep. 2022 17:12:18 GMT" skipped="0">
  <testcase classname="com.canada.failTest.UnitTesting" name="getFunctionalTestThree" time="5.392"/>
  <testcase classname="com.canada.failTest.UnitTesting" name="getFunctionalTestOne" time="5.419"/>
  <testcase classname="com.canada.failTest.UnitTesting" name="getFunctionalTestTwo" time="5.668"/>
</testsuite> <!-- com.canada.failTest.UnitTesting -->
