<?xml version="1.0" encoding="UTF-8"?>
<!-- Generated by org.testng.reporters.JUnitReportReporter -->
<testsuite hostname="SAIF" failures="0" tests="4" name="com.canada.failTest.ParallelTesting" time="17.224" errors="0" timestamp="06 Sep. 2022 18:48:14 GMT" skipped="0">
  <testcase classname="com.canada.failTest.ParallelTesting" name="getBroweser3" time="5.085"/>
  <testcase classname="com.canada.failTest.ParallelTesting" name="getBroweser4" time="4.304"/>
  <testcase classname="com.canada.failTest.ParallelTesting" name="getBroweser1" time="3.739"/>
  <testcase classname="com.canada.failTest.ParallelTesting" name="getBroweser2" time="4.096"/>
</testsuite> <!-- com.canada.failTest.ParallelTesting -->
