<?xml version="1.0" encoding="UTF-8"?>
<!-- Generated by org.testng.reporters.JUnitReportReporter -->
<testsuite hostname="SAIF" failures="0" tests="3" name="com.canada.failTest.ClassC" time="0.002" errors="0" timestamp="06 Sep. 2022 17:13:50 GMT" skipped="0">
  <testcase classname="com.canada.failTest.ClassC" name="getTest9" time="0.000"/>
  <testcase classname="com.canada.failTest.ClassC" name="getTest7" time="0.001"/>
  <testcase classname="com.canada.failTest.ClassC" name="getTest8" time="0.001"/>
</testsuite> <!-- com.canada.failTest.ClassC -->
