<?xml version="1.0" encoding="UTF-8"?>
<!-- Generated by org.testng.reporters.JUnitReportReporter -->
<testsuite hostname="SAIF" failures="0" tests="3" name="com.canada.failTest.ClassB" time="0.012" errors="0" timestamp="06 Sep. 2022 17:13:50 GMT" skipped="0">
  <testcase classname="com.canada.failTest.ClassB" name="getTest5" time="0.001"/>
  <testcase classname="com.canada.failTest.ClassB" name="getTest4" time="0.010"/>
  <testcase classname="com.canada.failTest.ClassB" name="getTest6" time="0.001"/>
</testsuite> <!-- com.canada.failTest.ClassB -->
